c:\users\s4262470\documents\angela_renton_local\asteroidscpp\asteroidscpp\debug\vc140.pdb
c:\users\s4262470\documents\angela_renton_local\asteroidscpp\asteroidscpp\debug\vc140.idb
c:\users\s4262470\documents\angela_renton_local\asteroidscpp\asteroidscpp\debug\createcolorcond.obj
c:\users\s4262470\documents\angela_renton_local\asteroidscpp\asteroidscpp\debug\cue.obj
c:\users\s4262470\documents\angela_renton_local\asteroidscpp\asteroidscpp\debug\main.obj
c:\users\s4262470\documents\angela_renton_local\asteroidscpp\asteroidscpp\debug\preallocateast.obj
c:\users\s4262470\documents\angela_renton_local\asteroidscpp\asteroidscpp\debug\feedback.obj
c:\users\s4262470\documents\angela_renton_local\asteroidscpp\asteroidscpp\debug\createflicker.obj
c:\users\s4262470\documents\angela_renton_local\asteroidscpp\asteroidscpp\debug\sctructures.obj
c:\users\s4262470\documents\angela_renton_local\asteroidscpp\asteroidscpp\debug\trialbmp.obj
c:\users\s4262470\documents\angela_renton_local\asteroidscpp\debug\asteroidscpp.ilk
c:\users\s4262470\documents\angela_renton_local\asteroidscpp\debug\asteroidscpp.exe
c:\users\s4262470\documents\angela_renton_local\asteroidscpp\debug\asteroidscpp.pdb
c:\users\s4262470\documents\angela_renton_local\asteroidscpp\asteroidscpp\debug\asteroidscpp.res
c:\users\s4262470\documents\angela_renton_local\asteroidscpp\asteroidscpp\debug\asteroidscpp.tlog\cl.command.1.tlog
c:\users\s4262470\documents\angela_renton_local\asteroidscpp\asteroidscpp\debug\asteroidscpp.tlog\cl.read.1.tlog
c:\users\s4262470\documents\angela_renton_local\asteroidscpp\asteroidscpp\debug\asteroidscpp.tlog\cl.write.1.tlog
c:\users\s4262470\documents\angela_renton_local\asteroidscpp\asteroidscpp\debug\asteroidscpp.tlog\link.command.1.tlog
c:\users\s4262470\documents\angela_renton_local\asteroidscpp\asteroidscpp\debug\asteroidscpp.tlog\link.read.1.tlog
c:\users\s4262470\documents\angela_renton_local\asteroidscpp\asteroidscpp\debug\asteroidscpp.tlog\link.write.1.tlog
c:\users\s4262470\documents\angela_renton_local\asteroidscpp\asteroidscpp\debug\asteroidscpp.tlog\rc.command.1.tlog
c:\users\s4262470\documents\angela_renton_local\asteroidscpp\asteroidscpp\debug\asteroidscpp.tlog\rc.read.1.tlog
c:\users\s4262470\documents\angela_renton_local\asteroidscpp\asteroidscpp\debug\asteroidscpp.tlog\rc.write.1.tlog
