  main.cpp
c:\users\s4262470\documents\angela_renton_local\gradient flickers\gradientflicker_v4\gradientflicker_v2\flicker.h(38): warning C4244: 'initializing': conversion from 'double' to 'int', possible loss of data
c:\users\s4262470\documents\angela_renton_local\gradient flickers\gradientflicker_v4\gradientflicker_v2\flicker.h(40): warning C4244: 'argument': conversion from 'double' to 'unsigned __int64', possible loss of data
c:\users\s4262470\documents\angela_renton_local\gradient flickers\gradientflicker_v4\gradientflicker_v2\flicker.h(46): warning C4244: '+=': conversion from 'double' to 'int', possible loss of data
c:\users\s4262470\documents\angela_renton_local\gradient flickers\gradientflicker_v4\gradientflicker_v2\flicker.h(79): warning C4244: 'argument': conversion from 'double' to 'int', possible loss of data
c:\users\s4262470\documents\angela_renton_local\gradient flickers\gradientflicker_v4\gradientflicker_v2\flicker.h(105): warning C4244: 'argument': conversion from 'double' to 'unsigned __int64', possible loss of data
c:\users\s4262470\documents\angela_renton_local\gradient flickers\gradientflicker_v4\gradientflicker_v2\gradient.h(37): warning C4244: 'argument': conversion from 'int' to 'float', possible loss of data
c:\users\s4262470\documents\angela_renton_local\gradient flickers\gradientflicker_v4\gradientflicker_v2\gradient.h(38): warning C4244: 'argument': conversion from 'int' to 'float', possible loss of data
c:\users\s4262470\documents\angela_renton_local\gradient flickers\gradientflicker_v4\gradientflicker_v2\gradient.h(39): warning C4244: 'argument': conversion from 'int' to 'float', possible loss of data
c:\users\s4262470\documents\angela_renton_local\gradient flickers\gradientflicker_v4\gradientflicker_v2\gradient.h(40): warning C4244: 'argument': conversion from 'int' to 'float', possible loss of data
c:\users\s4262470\documents\angela_renton_local\gradient flickers\gradientflicker_v4\gradientflicker_v2\gradient.h(49): warning C4018: '<': signed/unsigned mismatch
c:\users\s4262470\documents\angela_renton_local\gradient flickers\gradientflicker_v4\gradientflicker_v2\gradient.h(55): warning C4244: 'argument': conversion from 'double' to 'int', possible loss of data
c:\users\s4262470\documents\angela_renton_local\gradient flickers\gradientflicker_v4\gradientflicker_v2\gradient.h(58): warning C4244: 'argument': conversion from 'double' to 'int', possible loss of data
c:\users\s4262470\documents\angela_renton_local\gradient flickers\gradientflicker_v4\gradientflicker_v2\gradient.h(65): warning C4244: 'argument': conversion from 'double' to 'int', possible loss of data
c:\users\s4262470\documents\angela_renton_local\gradient flickers\gradientflicker_v4\gradientflicker_v2\gradient.h(68): warning C4244: 'argument': conversion from 'double' to 'int', possible loss of data
c:\users\s4262470\documents\angela_renton_local\gradient flickers\gradientflicker_v4\gradientflicker_v2\gradient.h(79): warning C4244: 'argument': conversion from 'double' to 'int', possible loss of data
c:\users\s4262470\documents\angela_renton_local\gradient flickers\gradientflicker_v4\gradientflicker_v2\gradient.h(83): warning C4244: 'argument': conversion from 'double' to 'int', possible loss of data
c:\users\s4262470\documents\angela_renton_local\gradient flickers\gradientflicker_v4\gradientflicker_v2\gradient.h(86): warning C4244: 'argument': conversion from 'double' to 'int', possible loss of data
c:\users\s4262470\documents\angela_renton_local\gradient flickers\gradientflicker_v4\gradientflicker_v2\gradient.h(100): warning C4244: 'argument': conversion from 'double' to 'int', possible loss of data
c:\users\s4262470\documents\angela_renton_local\gradient flickers\gradientflicker_v4\gradientflicker_v2\gradient.h(133): warning C4244: 'initializing': conversion from 'double' to 'int', possible loss of data
c:\users\s4262470\documents\angela_renton_local\gradient flickers\gradientflicker_v4\gradientflicker_v2\gradient.h(140): warning C4244: 'argument': conversion from 'double' to 'sf::Uint8', possible loss of data
c:\users\s4262470\documents\angela_renton_local\gradient flickers\gradientflicker_v4\gradientflicker_v2\gradient.h(145): warning C4244: 'argument': conversion from 'double' to 'sf::Uint8', possible loss of data
c:\users\s4262470\documents\angela_renton_local\gradient flickers\gradientflicker_v4\gradientflicker_v2\gradient.h(149): warning C4244: 'argument': conversion from 'double' to 'sf::Uint8', possible loss of data
c:\users\s4262470\documents\angela_renton_local\gradient flickers\gradientflicker_v4\gradientflicker_v2\gradient.h(165): warning C4244: 'initializing': conversion from 'double' to 'int', possible loss of data
c:\users\s4262470\documents\angela_renton_local\gradient flickers\gradientflicker_v4\gradientflicker_v2\gradient.h(166): warning C4244: 'initializing': conversion from 'double' to 'int', possible loss of data
c:\users\s4262470\documents\angela_renton_local\gradient flickers\gradientflicker_v4\gradientflicker_v2\gradient.h(169): warning C4244: 'argument': conversion from 'double' to 'sf::Uint8', possible loss of data
c:\users\s4262470\documents\angela_renton_local\gradient flickers\gradientflicker_v4\gradientflicker_v2\cueperiod.h(14): warning C4244: 'initializing': conversion from 'float' to 'int', possible loss of data
c:\users\s4262470\documents\angela_renton_local\gradient flickers\gradientflicker_v4\gradientflicker_v2\cueperiod.h(15): warning C4244: 'initializing': conversion from 'float' to 'int', possible loss of data
c:\users\s4262470\documents\angela_renton_local\gradient flickers\gradientflicker_v4\gradientflicker_v2\cueperiod.h(42): warning C4244: 'initializing': conversion from 'float' to 'int', possible loss of data
c:\users\s4262470\documents\angela_renton_local\gradient flickers\gradientflicker_v4\gradientflicker_v2\cueperiod.h(43): warning C4244: 'initializing': conversion from 'float' to 'int', possible loss of data
c:\users\s4262470\documents\angela_renton_local\gradient flickers\gradientflicker_v4\gradientflicker_v2\main.cpp(15): warning C4244: 'initializing': conversion from 'double' to 'unsigned int', possible loss of data
c:\users\s4262470\documents\angela_renton_local\gradient flickers\gradientflicker_v4\gradientflicker_v2\main.cpp(193): warning C4244: 'argument': conversion from 'double' to 'int', possible loss of data
c:\users\s4262470\documents\angela_renton_local\gradient flickers\gradientflicker_v4\gradientflicker_v2\main.cpp(218): warning C4244: 'argument': conversion from 'double' to 'int', possible loss of data
c:\users\s4262470\documents\angela_renton_local\gradient flickers\gradientflicker_v4\gradientflicker_v2\main.cpp(221): warning C4244: 'argument': conversion from 'double' to 'int', possible loss of data
c:\users\s4262470\documents\angela_renton_local\gradient flickers\gradientflicker_v4\gradientflicker_v2\main.cpp(224): warning C4244: 'argument': conversion from 'double' to 'int', possible loss of data
c:\users\s4262470\documents\angela_renton_local\gradient flickers\gradientflicker_v4\gradientflicker_v2\main.cpp(228): warning C4244: 'argument': conversion from 'double' to 'int', possible loss of data
c:\users\s4262470\documents\angela_renton_local\gradient flickers\gradientflicker_v4\gradientflicker_v2\main.cpp(319): warning C4244: '=': conversion from 'sf::Int64' to 'double', possible loss of data
c:\users\s4262470\documents\angela_renton_local\gradient flickers\gradientflicker_v4\gradientflicker_v2\main.cpp(184): warning C4101: 'check': unreferenced local variable
  gradientflicker_V2.vcxproj -> C:\Users\s4262470\Documents\angela_renton_local\gradient flickers\gradientflicker_V4\x64\Debug\gradientflicker_V2.exe
  gradientflicker_V2.vcxproj -> C:\Users\s4262470\Documents\angela_renton_local\gradient flickers\gradientflicker_V4\x64\Debug\gradientflicker_V2.pdb (Partial PDB)
