  main.cpp
c:\users\slrc_admin\documents\angie_renton\gradientflicker_v4_lab\gradientflicker_v2\flicker.h(38): warning C4244: 'initializing': conversion from 'double' to 'int', possible loss of data
c:\users\slrc_admin\documents\angie_renton\gradientflicker_v4_lab\gradientflicker_v2\flicker.h(40): warning C4244: 'argument': conversion from 'double' to 'unsigned __int64', possible loss of data
c:\users\slrc_admin\documents\angie_renton\gradientflicker_v4_lab\gradientflicker_v2\flicker.h(46): warning C4244: '+=': conversion from 'double' to 'int', possible loss of data
c:\users\slrc_admin\documents\angie_renton\gradientflicker_v4_lab\gradientflicker_v2\flicker.h(79): warning C4244: 'argument': conversion from 'double' to 'int', possible loss of data
c:\users\slrc_admin\documents\angie_renton\gradientflicker_v4_lab\gradientflicker_v2\flicker.h(105): warning C4244: 'argument': conversion from 'double' to 'unsigned __int64', possible loss of data
c:\users\slrc_admin\documents\angie_renton\gradientflicker_v4_lab\gradientflicker_v2\gradient.h(37): warning C4244: 'argument': conversion from 'int' to 'float', possible loss of data
c:\users\slrc_admin\documents\angie_renton\gradientflicker_v4_lab\gradientflicker_v2\gradient.h(38): warning C4244: 'argument': conversion from 'int' to 'float', possible loss of data
c:\users\slrc_admin\documents\angie_renton\gradientflicker_v4_lab\gradientflicker_v2\gradient.h(39): warning C4244: 'argument': conversion from 'int' to 'float', possible loss of data
c:\users\slrc_admin\documents\angie_renton\gradientflicker_v4_lab\gradientflicker_v2\gradient.h(40): warning C4244: 'argument': conversion from 'int' to 'float', possible loss of data
c:\users\slrc_admin\documents\angie_renton\gradientflicker_v4_lab\gradientflicker_v2\gradient.h(49): warning C4018: '<': signed/unsigned mismatch
c:\users\slrc_admin\documents\angie_renton\gradientflicker_v4_lab\gradientflicker_v2\gradient.h(55): warning C4244: 'argument': conversion from 'double' to 'int', possible loss of data
c:\users\slrc_admin\documents\angie_renton\gradientflicker_v4_lab\gradientflicker_v2\gradient.h(58): warning C4244: 'argument': conversion from 'double' to 'int', possible loss of data
c:\users\slrc_admin\documents\angie_renton\gradientflicker_v4_lab\gradientflicker_v2\gradient.h(65): warning C4244: 'argument': conversion from 'double' to 'int', possible loss of data
c:\users\slrc_admin\documents\angie_renton\gradientflicker_v4_lab\gradientflicker_v2\gradient.h(68): warning C4244: 'argument': conversion from 'double' to 'int', possible loss of data
c:\users\slrc_admin\documents\angie_renton\gradientflicker_v4_lab\gradientflicker_v2\gradient.h(79): warning C4244: 'argument': conversion from 'double' to 'int', possible loss of data
c:\users\slrc_admin\documents\angie_renton\gradientflicker_v4_lab\gradientflicker_v2\gradient.h(83): warning C4244: 'argument': conversion from 'double' to 'int', possible loss of data
c:\users\slrc_admin\documents\angie_renton\gradientflicker_v4_lab\gradientflicker_v2\gradient.h(86): warning C4244: 'argument': conversion from 'double' to 'int', possible loss of data
c:\users\slrc_admin\documents\angie_renton\gradientflicker_v4_lab\gradientflicker_v2\gradient.h(100): warning C4244: 'argument': conversion from 'double' to 'int', possible loss of data
c:\users\slrc_admin\documents\angie_renton\gradientflicker_v4_lab\gradientflicker_v2\gradient.h(133): warning C4244: 'initializing': conversion from 'double' to 'int', possible loss of data
c:\users\slrc_admin\documents\angie_renton\gradientflicker_v4_lab\gradientflicker_v2\gradient.h(140): warning C4244: 'argument': conversion from 'double' to 'sf::Uint8', possible loss of data
c:\users\slrc_admin\documents\angie_renton\gradientflicker_v4_lab\gradientflicker_v2\gradient.h(145): warning C4244: 'argument': conversion from 'double' to 'sf::Uint8', possible loss of data
c:\users\slrc_admin\documents\angie_renton\gradientflicker_v4_lab\gradientflicker_v2\gradient.h(149): warning C4244: 'argument': conversion from 'double' to 'sf::Uint8', possible loss of data
c:\users\slrc_admin\documents\angie_renton\gradientflicker_v4_lab\gradientflicker_v2\gradient.h(165): warning C4244: 'initializing': conversion from 'double' to 'int', possible loss of data
c:\users\slrc_admin\documents\angie_renton\gradientflicker_v4_lab\gradientflicker_v2\gradient.h(166): warning C4244: 'initializing': conversion from 'double' to 'int', possible loss of data
c:\users\slrc_admin\documents\angie_renton\gradientflicker_v4_lab\gradientflicker_v2\gradient.h(169): warning C4244: 'argument': conversion from 'double' to 'sf::Uint8', possible loss of data
c:\users\slrc_admin\documents\angie_renton\gradientflicker_v4_lab\gradientflicker_v2\cueperiod.h(14): warning C4244: 'initializing': conversion from 'float' to 'int', possible loss of data
c:\users\slrc_admin\documents\angie_renton\gradientflicker_v4_lab\gradientflicker_v2\cueperiod.h(15): warning C4244: 'initializing': conversion from 'float' to 'int', possible loss of data
c:\users\slrc_admin\documents\angie_renton\gradientflicker_v4_lab\gradientflicker_v2\cueperiod.h(42): warning C4244: 'initializing': conversion from 'float' to 'int', possible loss of data
c:\users\slrc_admin\documents\angie_renton\gradientflicker_v4_lab\gradientflicker_v2\cueperiod.h(43): warning C4244: 'initializing': conversion from 'float' to 'int', possible loss of data
c:\users\slrc_admin\documents\angie_renton\gradientflicker_v4_lab\gradientflicker_v2\main.cpp(15): warning C4244: 'initializing': conversion from 'double' to 'unsigned int', possible loss of data
c:\users\slrc_admin\documents\angie_renton\gradientflicker_v4_lab\gradientflicker_v2\main.cpp(193): warning C4244: 'argument': conversion from 'double' to 'int', possible loss of data
c:\users\slrc_admin\documents\angie_renton\gradientflicker_v4_lab\gradientflicker_v2\main.cpp(220): warning C4244: 'argument': conversion from 'double' to 'int', possible loss of data
c:\users\slrc_admin\documents\angie_renton\gradientflicker_v4_lab\gradientflicker_v2\main.cpp(223): warning C4244: 'argument': conversion from 'double' to 'int', possible loss of data
c:\users\slrc_admin\documents\angie_renton\gradientflicker_v4_lab\gradientflicker_v2\main.cpp(230): warning C4244: 'argument': conversion from 'double' to 'int', possible loss of data
c:\users\slrc_admin\documents\angie_renton\gradientflicker_v4_lab\gradientflicker_v2\main.cpp(233): warning C4244: 'argument': conversion from 'double' to 'int', possible loss of data
c:\users\slrc_admin\documents\angie_renton\gradientflicker_v4_lab\gradientflicker_v2\main.cpp(240): warning C4244: 'argument': conversion from 'double' to 'int', possible loss of data
c:\users\slrc_admin\documents\angie_renton\gradientflicker_v4_lab\gradientflicker_v2\main.cpp(243): warning C4244: 'argument': conversion from 'double' to 'int', possible loss of data
c:\users\slrc_admin\documents\angie_renton\gradientflicker_v4_lab\gradientflicker_v2\main.cpp(249): warning C4244: 'argument': conversion from 'double' to 'int', possible loss of data
c:\users\slrc_admin\documents\angie_renton\gradientflicker_v4_lab\gradientflicker_v2\main.cpp(340): warning C4244: '=': conversion from 'sf::Int64' to 'double', possible loss of data
c:\users\slrc_admin\documents\angie_renton\gradientflicker_v4_lab\gradientflicker_v2\main.cpp(184): warning C4101: 'check': unreferenced local variable
  gradientflicker_V2.vcxproj -> C:\Users\SLRC_admin\Documents\angie_renton\gradientflicker_V4_lab\x64\Debug\gradientflicker_V2.exe
  gradientflicker_V2.vcxproj -> C:\Users\SLRC_admin\Documents\angie_renton\gradientflicker_V4_lab\x64\Debug\gradientflicker_V2.pdb (Partial PDB)
